<?xml version="1.0" encoding="UTF-8"?>
<testsuite name="AppTest" tests="2" skipped="0" failures="0" errors="0" timestamp="2016-02-11T16:50:43" hostname="epicodus-65.local" time="0.002">
  <properties/>
  <testcase name="getChange_forNumberGreaterThan25_returnQuarters" classname="AppTest" time="0.001"/>
  <testcase name="getChange_forNumberGreaterThan10_returnsDimes" classname="AppTest" time="0.0"/>
  <system-out><![CDATA[]]></system-out>
  <system-err><![CDATA[]]></system-err>
</testsuite>
