<?xml version="1.0" encoding="UTF-8"?>
<testsuite name="AppTest" tests="1" skipped="0" failures="0" errors="0" timestamp="2016-02-11T16:40:25" hostname="epicodus-65.local" time="0.001">
  <properties/>
  <testcase name="getChange_forNumberGreaterThan25_returnQuarters" classname="AppTest" time="0.001"/>
  <system-out><![CDATA[]]></system-out>
  <system-err><![CDATA[]]></system-err>
</testsuite>
